TN:
SF:/home/wasim/OPc/exe4/main.c
FN:6,minDistance
FNDA:5,minDistance
FN:16,printSolution
FNDA:2,printSolution
FN:22,dijkstra
FNDA:2,dijkstra
FN:48,main
FNDA:4,main
DA:6,5
DA:7,5
DA:9,23
DA:10,18
DA:11,7
DA:13,5
DA:16,2
DA:17,2
DA:18,9
DA:19,7
DA:20,2
DA:22,2
DA:23,2
DA:24,2
DA:26,9
DA:27,7
DA:29,2
DA:31,7
DA:32,5
DA:34,5
DA:36,23
DA:37,18
DA:38,4
DA:42,2
DA:44,2
DA:45,2
DA:46,2
DA:48,4
DA:50,4
DA:52,4
DA:53,12
DA:54,10
DA:55,39
DA:56,31
DA:57,31
DA:58,2
DA:59,2
DA:64,2
DA:67,9
DA:68,7
DA:69,2
DA:71,2
end_of_record
